-0.000  0.000 -0.000   0.024  0.100 -0.988  -0.075  0.162  0.838  -0.108  0.091 -0.047
-0.188  0.245 -2.289   0.024  0.112 -0.988  -0.075  0.162  0.838  -0.103  0.081 -0.050
-0.346  0.475 -4.597   0.020  0.096 -0.988  -0.075  0.162  0.838  -0.098  0.081 -0.058
-0.500  0.701 -6.922   0.020  0.092 -0.988  -0.075  0.162  0.838  -0.109  0.074 -0.059
-0.636  0.920 -9.251   0.020  0.088 -0.988  -0.083  0.159  0.833  -0.109  0.068 -0.062
-0.761  1.154 -11.595   0.020  0.100 -0.988  -0.083  0.159  0.833  -0.099  0.062 -0.063
-0.865  1.398 -13.945   0.024  0.092 -0.980  -0.083  0.159  0.833  -0.105  0.070 -0.061
-0.962  1.651 -16.311   0.028  0.100 -0.984  -0.080  0.159  0.848  -0.105  0.062 -0.072
-1.042  1.902 -18.681   0.024  0.096 -0.992  -0.080  0.159  0.848  -0.104  0.067 -0.076
-1.122  2.149 -21.036   0.016  0.100 -0.988  -0.080  0.159  0.848  -0.103  0.060 -0.065
-1.197  2.403 -23.382   0.016  0.100 -0.980  -0.083  0.165  0.833  -0.112  0.060 -0.063
-1.254  2.658 -25.722   0.016  0.100 -0.980  -0.083  0.165  0.833  -0.109  0.062 -0.067
-1.298  2.916 -28.047   0.016  0.100 -0.976  -0.083  0.165  0.833  -0.110  0.063 -0.067
-1.321  3.181 -30.348   0.020  0.104 -0.984  -0.083  0.165  0.833  -0.108  0.064 -0.068
-1.309  3.444 -32.573   0.040  0.100 -0.988  -0.080  0.159  0.842  -0.113  0.056 -0.063
-1.301  3.704 -34.810   0.024  0.108 -0.980  -0.080  0.159  0.842  -0.102  0.059 -0.068
-1.262  3.957 -36.997   0.032  0.104 -0.980  -0.080  0.159  0.842  -0.099  0.060 -0.067
-1.226  4.194 -39.180   0.024  0.104 -0.980  -0.083  0.162  0.844  -0.099  0.056 -0.068
-1.176  4.447 -41.316   0.028  0.108 -0.984  -0.083  0.162  0.844  -0.107  0.063 -0.070
-1.121  4.702 -43.398   0.028  0.116 -0.980  -0.083  0.162  0.844  -0.103  0.059 -0.063
-1.047  4.935 -45.399   0.028  0.112 -0.976  -0.072  0.171  0.831  -0.092  0.063 -0.068
-0.954  5.162 -47.313   0.040  0.108 -0.972  -0.072  0.171  0.831  -0.099  0.058 -0.073
-0.849  5.358 -49.176   0.040  0.100 -0.984  -0.072  0.171  0.831  -0.098  0.057 -0.061
-0.754  5.560 -51.041   0.028  0.108 -0.984  -0.072  0.171  0.831  -0.097  0.063 -0.061
-0.639  5.756 -52.863   0.032  0.108 -0.980  -0.078  0.179  0.848  -0.093  0.068 -0.067
-0.521  5.951 -54.614   0.036  0.108 -0.984  -0.078  0.179  0.848  -0.103  0.065 -0.062
-0.387  6.092 -56.335   0.036  0.092 -0.976  -0.078  0.179  0.848  -0.093  0.062 -0.067
-0.257  6.232 -58.051   0.032  0.092 -0.980  -0.080  0.173  0.846  -0.101  0.064 -0.064
-0.131  6.384 -59.727   0.028  0.100 -0.980  -0.080  0.173  0.846  -0.102  0.069 -0.062
-0.008  6.547 -61.368   0.024  0.108 -0.984  -0.080  0.173  0.846  -0.104  0.074 -0.061
 0.132  6.696 -62.962   0.028  0.108 -0.980  -0.083  0.171  0.831  -0.097  0.075 -0.058
 0.259  6.853 -64.511   0.024  0.112 -0.972  -0.083  0.171  0.831  -0.105  0.073 -0.050
 0.370  6.978 -66.055   0.020  0.100 -0.980  -0.083  0.171  0.831  -0.115  0.062 -0.053
 0.489  7.093 -67.550   0.020  0.104 -0.984  -0.083  0.171  0.831  -0.104  0.064 -0.054
 0.606  7.200 -68.957   0.020  0.104 -0.984  -0.078  0.168  0.838  -0.104  0.065 -0.047
 0.739  7.287 -70.353   0.028  0.100 -1.000  -0.078  0.168  0.838  -0.101  0.060 -0.052
 0.870  7.402 -71.554   0.036  0.112 -0.984  -0.078  0.168  0.838  -0.108  0.060 -0.041
 1.013  7.501 -72.649   0.044  0.108 -0.976  -0.075  0.165  0.844  -0.103  0.062 -0.043
 1.160  7.591 -73.705   0.044  0.104 -0.980  -0.075  0.165  0.844  -0.109  0.068 -0.037
 1.298  7.666 -74.722   0.044  0.092 -0.976  -0.075  0.165  0.844  -0.126  0.064 -0.030
 1.438  7.718 -75.826   0.036  0.088 -0.984  -0.083  0.173  0.835  -0.120  0.070 -0.034
 1.552  7.791 -76.919   0.028  0.100 -0.984  -0.083  0.173  0.835  -0.121  0.063 -0.029
 1.682  7.856 -78.019   0.024  0.092 -0.988  -0.083  0.173  0.835  -0.131  0.084 -0.032
 1.815  7.932 -79.000   0.032  0.104 -0.984  -0.083  0.173  0.835  -0.123  0.079 -0.024
 1.950  7.998 -79.952   0.032  0.104 -0.984  -0.080  0.156  0.844  -0.118  0.080 -0.025
 2.073  8.074 -80.877   0.028  0.108 -0.976  -0.080  0.156  0.844  -0.123  0.079 -0.015
 2.188  8.112 -81.845   0.020  0.092 -0.988  -0.080  0.156  0.844  -0.127  0.082 -0.008
 2.304  8.153 -82.781   0.020  0.096 -0.980  -0.080  0.153  0.840  -0.124  0.084 -0.012
 2.425  8.206 -83.642   0.024  0.100 -0.980  -0.080  0.153  0.840  -0.130  0.087 -0.007
 2.540  8.236 -84.487   0.024  0.092 -0.972  -0.080  0.153  0.840  -0.129  0.084 -0.012
 2.667  8.256 -85.292   0.032  0.092 -0.976  -0.090  0.171  0.833  -0.126  0.080 -0.006
 2.792  8.292 -86.077   0.028  0.100 -0.984  -0.090  0.171  0.833  -0.126  0.087  0.002
 2.922  8.327 -86.797   0.032  0.100 -0.980  -0.090  0.171  0.833  -0.129  0.090  0.008
 3.047  8.367 -87.519   0.028  0.104 -0.984  -0.090  0.171  0.833  -0.129  0.093  0.002
 3.165  8.376 -88.157   0.032  0.096 -0.988  -0.083  0.159  0.838  -0.120  0.090  0.001
 3.280  8.406 -88.744   0.032  0.104 -0.988  -0.083  0.159  0.838  -0.125  0.091  0.013
 3.405  8.437 -89.319   0.036  0.100 -0.996  -0.083  0.159  0.838  -0.136  0.093  0.012
 3.504  8.492 -89.910   0.024  0.120 -1.000  -0.083  0.147  0.842  -0.123  0.090  0.020
 3.618  8.503 -90.515   0.028  0.100 -0.988  -0.083  0.147  0.842  -0.125  0.097  0.015
 3.724  8.518 -91.057   0.028  0.100 -0.984  -0.083  0.147  0.842  -0.130  0.097  0.024
 3.825  8.535 -91.551   0.028  0.100 -0.984  -0.083  0.162  0.831  -0.132  0.098  0.024
 3.925  8.563 -91.989   0.032  0.104 -0.988  -0.083  0.162  0.831  -0.136  0.096  0.027
 4.011  8.564 -92.476   0.024  0.096 -0.992  -0.083  0.162  0.831  -0.132  0.096  0.031
 4.092  8.567 -92.967   0.020  0.096 -0.984  -0.083  0.162  0.831  -0.134  0.099  0.035
 4.167  8.541 -93.380   0.028  0.084 -0.976  -0.080  0.159  0.842  -0.131  0.090  0.030
 4.252  8.515 -93.754   0.032  0.084 -0.976  -0.080  0.159  0.842  -0.132  0.093  0.038
 4.327  8.499 -94.083   0.032  0.092 -0.972  -0.080  0.159  0.842  -0.121  0.090  0.036
 4.397  8.483 -94.451   0.028  0.088 -0.976  -0.080  0.153  0.838  -0.132  0.091  0.037
 4.472  8.502 -94.750   0.032  0.100 -0.976  -0.080  0.153  0.838  -0.138  0.091  0.041
 4.524  8.485 -95.076   0.028  0.092 -0.984  -0.080  0.153  0.838  -0.125  0.080  0.046
 4.611  8.456 -95.490   0.028  0.088 -0.984  -0.088  0.147  0.833  -0.129  0.103  0.047
 4.679  8.438 -95.882   0.028  0.092 -0.988  -0.088  0.147  0.833  -0.130  0.088  0.043
 4.755  8.443 -96.213   0.032  0.100 -0.984  -0.088  0.147  0.833  -0.134  0.091  0.042
 4.823  8.457 -96.596   0.020  0.108 -0.976  -0.088  0.147  0.833  -0.124  0.099  0.048
 4.883  8.479 -96.881   0.024  0.112 -0.980  -0.083  0.147  0.848  -0.123  0.096  0.043
 4.946  8.504 -97.128   0.028  0.108 -0.980  -0.083  0.147  0.848  -0.134  0.095  0.046
 4.998  8.512 -97.378   0.028  0.104 -0.988  -0.083  0.147  0.848  -0.130  0.088  0.043
 5.039  8.513 -97.681   0.020  0.104 -0.988  -0.085  0.156  0.835  -0.125  0.090  0.047
 5.095  8.513 -97.972   0.020  0.104 -0.992  -0.085  0.156  0.835  -0.127  0.103  0.051
 5.136  8.488 -98.218   0.028  0.092 -0.988  -0.085  0.156  0.835  -0.127  0.085  0.043
 5.197  8.461 -98.334   0.044  0.092 -0.988  -0.085  0.153  0.833  -0.125  0.085  0.048
 5.261  8.446 -98.438   0.044  0.096 -0.988  -0.085  0.153  0.833  -0.126  0.088  0.049
 5.307  8.431 -98.554   0.040  0.096 -0.980  -0.085  0.153  0.833  -0.124  0.079  0.058
 5.334  8.427 -98.794   0.024  0.100 -0.988  -0.085  0.153  0.833  -0.127  0.082  0.048
 5.352  8.437 -98.954   0.028  0.104 -0.992  -0.083  0.150  0.848  -0.130  0.071  0.057
 5.374  8.437 -99.107   0.028  0.104 -0.988  -0.083  0.150  0.848  -0.121  0.078  0.057
 5.390  8.440 -99.257   0.028  0.104 -0.988  -0.083  0.150  0.848  -0.124  0.071  0.053
 5.419  8.421 -99.453   0.032  0.096 -0.980  -0.093  0.162  0.835  -0.124  0.073  0.054
 5.434  8.394 -99.700   0.024  0.092 -0.980  -0.093  0.162  0.835  -0.124  0.071  0.060
 5.442  8.384 -99.936   0.024  0.100 -0.984  -0.093  0.162  0.835  -0.121  0.065  0.048
 5.448  8.369 -100.115   0.020  0.100 -0.984  -0.085  0.159  0.836  -0.115  0.075  0.063
 5.451  8.334 -100.286   0.024  0.088 -0.988  -0.085  0.159  0.836  -0.121  0.070  0.058
 5.458  8.319 -100.413   0.028  0.096 -0.996  -0.085  0.159  0.836  -0.124  0.068  0.054
 5.457  8.304 -100.533   0.028  0.096 -0.984  -0.085  0.159  0.836  -0.119  0.060  0.051
 5.470  8.303 -100.508   0.040  0.100 -0.984  -0.080  0.156  0.844  -0.119  0.062  0.049
 5.474  8.291 -100.548   0.032  0.100 -0.988  -0.080  0.156  0.844  -0.112  0.065  0.048
 5.485  8.289 -100.497   0.044  0.100 -0.984  -0.080  0.156  0.844  -0.116  0.057  0.045
 5.481  8.284 -100.508   0.032  0.104 -0.988  -0.078  0.159  0.831  -0.107  0.062  0.048
 5.470  8.279 -100.548   0.028  0.104 -0.984  -0.078  0.159  0.831  -0.105  0.060  0.048
 5.454  8.273 -100.600   0.028  0.104 -0.996  -0.078  0.159  0.831  -0.107  0.056  0.038
 5.436  8.263 -100.604   0.028  0.096 -0.984  -0.078  0.179  0.836  -0.115  0.057  0.049
 5.419  8.246 -100.612   0.028  0.096 -0.984  -0.078  0.179  0.836  -0.108  0.059  0.047
 5.403  8.233 -100.590   0.032  0.100 -0.988  -0.078  0.179  0.836  -0.103  0.054  0.045
 5.381  8.213 -100.581   0.032  0.092 -0.980  -0.078  0.179  0.836  -0.110  0.048  0.038
 5.362  8.219 -100.669   0.024  0.104 -0.976  -0.080  0.159  0.848  -0.110  0.052  0.038
 5.340  8.231 -100.783   0.020  0.108 -0.988  -0.080  0.159  0.848  -0.110  0.052  0.036
 5.310  8.257 -100.907   0.016  0.116 -0.984  -0.080  0.159  0.848  -0.105  0.048  0.035
 5.302  8.287 -100.943   0.028  0.116 -0.992  -0.080  0.162  0.836  -0.112  0.051  0.037
 5.297  8.286 -100.967   0.032  0.104 -0.988  -0.080  0.162  0.836  -0.110  0.052  0.034
 5.295  8.305 -101.018   0.028  0.112 -0.984  -0.080  0.162  0.836  -0.110  0.057  0.025
 5.278  8.303 -101.077   0.024  0.108 -0.992  -0.080  0.171  0.835  -0.102  0.053  0.032
 5.271  8.302 -101.061   0.032  0.104 -0.992  -0.078  0.171  0.835  -0.109  0.053  0.034
 5.255  8.318 -101.063   0.028  0.112 -0.984  -0.078  0.171  0.835  -0.104  0.048  0.031
 5.232  8.333 -101.084   0.024  0.112 -0.980  -0.078  0.171  0.835  -0.104  0.047  0.036
 5.203  8.333 -101.079   0.024  0.100 -0.980  -0.070  0.156  0.848  -0.113  0.047  0.032
 5.185  8.328 -101.076   0.024  0.100 -0.976  -0.070  0.156  0.848  -0.109  0.056  0.031
 5.156  8.324 -101.096   0.020  0.104 -0.984  -0.070  0.156  0.848  -0.103  0.051  0.034
 5.133  8.317 -101.028   0.028  0.096 -0.988  -0.067  0.171  0.835  -0.114  0.051  0.030
 5.120  8.311 -100.989   0.024  0.100 -0.976  -0.067  0.171  0.835  -0.107  0.063  0.027
 5.089  8.307 -100.980   0.020  0.100 -0.984  -0.067  0.171  0.835  -0.108  0.052  0.029
 5.078  8.319 -100.899   0.028  0.108 -0.980  -0.067  0.171  0.835  -0.105  0.057  0.034
 5.074  8.359 -100.791   0.032  0.116 -0.984  -0.067  0.171  0.835  -0.114  0.054  0.030
 5.071  8.395 -100.727   0.028  0.116 -0.984  -0.067  0.171  0.835  -0.113  0.060  0.020
 5.074  8.427 -100.628   0.032  0.116 -0.988  -0.067  0.171  0.835  -0.112  0.060  0.030
 5.064  8.437 -100.554   0.028  0.108 -0.984  -0.065  0.168  0.846  -0.108  0.060  0.021
 5.063  8.452 -100.512   0.024  0.112 -0.980  -0.065  0.168  0.846  -0.105  0.071  0.019
 5.062  8.451 -100.488   0.024  0.100 -0.972  -0.065  0.168  0.846  -0.115  0.071  0.013
 5.062  8.448 -100.489   0.024  0.104 -0.988  -0.070  0.176  0.833  -0.110  0.070  0.024
 5.054  8.412 -100.545   0.020  0.092 -0.996  -0.070  0.176  0.833  -0.108  0.071  0.015
 5.063  8.426 -100.519   0.028  0.108 -0.988  -0.070  0.176  0.833  -0.115  0.070  0.018
 5.066  8.455 -100.490   0.028  0.112 -0.984  -0.070  0.176  0.833  -0.119  0.064  0.015
 5.063  8.452 -100.416   0.028  0.100 -0.988  -0.062  0.168  0.848  -0.115  0.069  0.015
 5.066  8.470 -100.335   0.028  0.108 -0.980  -0.062  0.168  0.848  -0.115  0.071  0.015
 5.065  8.488 -100.255   0.028  0.108 -0.984  -0.062  0.168  0.848  -0.115  0.069  0.015
 5.062  8.496 -100.260   0.024  0.108 -0.988  -0.067  0.168  0.840  -0.112  0.068  0.014
 5.071  8.507 -100.283   0.024  0.104 -0.984  -0.067  0.168  0.840  -0.124  0.076  0.003
 5.072  8.512 -100.300   0.024  0.100 -0.980  -0.067  0.168  0.840  -0.125  0.070  0.009
 5.068  8.506 -100.195   0.028  0.096 -0.972  -0.059  0.179  0.831  -0.118  0.071  0.021
 5.079  8.477 -100.088   0.032  0.088 -0.988  -0.059  0.179  0.831  -0.118  0.081  0.012
 5.090  8.443 -100.020   0.028  0.080 -0.984  -0.059  0.179  0.831  -0.130  0.087  0.014
 5.100  8.420 -99.918   0.032  0.088 -0.984  -0.059  0.179  0.831  -0.120  0.081  0.013
 5.109  8.421 -99.883   0.024  0.100 -0.984  -0.059  0.168  0.842  -0.118  0.087  0.010
 5.114  8.433 -99.854   0.024  0.100 -0.984  -0.059  0.168  0.842  -0.127  0.082  0.005
 5.140  8.478 -99.786   0.028  0.116 -0.984  -0.059  0.168  0.842  -0.125  0.093  0.004
 5.156  8.503 -99.852   0.020  0.108 -0.984  -0.067  0.171  0.840  -0.129  0.090  0.001
 5.196  8.525 -99.836   0.032  0.104 -0.984  -0.067  0.171  0.840  -0.136  0.096  0.001
 5.229  8.507 -99.794   0.036  0.092 -0.988  -0.067  0.171  0.840  -0.125  0.091  0.008
 5.264  8.503 -99.806   0.032  0.100 -0.992  -0.070  0.173  0.836  -0.124  0.095  0.001
 5.296  8.517 -99.773   0.036  0.108 -0.984  -0.070  0.173  0.836  -0.119  0.086  0.003
 5.337  8.552 -99.751   0.036  0.112 -0.988  -0.070  0.173  0.836  -0.131  0.092 -0.006
 5.360  8.552 -99.664   0.032  0.096 -0.992  -0.057  0.159  0.844  -0.131  0.098 -0.001
 5.364  8.567 -99.652   0.024  0.100 -0.992  -0.057  0.159  0.844  -0.136  0.091 -0.009
 5.360  8.582 -99.693   0.016  0.100 -0.984  -0.057  0.159  0.844  -0.136  0.093 -0.003
 5.377  8.596 -99.676   0.024  0.104 -0.996  -0.057  0.159  0.844  -0.131  0.102 -0.007
 5.390  8.593 -99.801   0.020  0.100 -0.996  -0.070  0.165  0.846  -0.130  0.095 -0.008
 5.419  8.592 -99.828   0.032  0.100 -0.984  -0.070  0.165  0.846  -0.129  0.093 -0.008
 5.432  8.591 -99.939   0.020  0.100 -0.988  -0.070  0.165  0.846  -0.130  0.095 -0.003
 5.444  8.598 -99.997   0.024  0.100 -0.972  -0.067  0.165  0.838  -0.132  0.091 -0.008
 5.475  8.604 -100.024   0.028  0.104 -0.984  -0.067  0.165  0.838  -0.127  0.103 -0.009
 5.507  8.625 -100.026   0.032  0.104 -0.984  -0.067  0.165  0.838  -0.140  0.098 -0.013
 5.533  8.632 -100.061   0.032  0.104 -1.004  -0.070  0.153  0.848  -0.134  0.092 -0.006
 5.559  8.631 -100.140   0.028  0.100 -0.992  -0.070  0.153  0.848  -0.134  0.097 -0.013
 5.573  8.633 -100.229   0.024  0.104 -0.984  -0.070  0.153  0.848  -0.126  0.093 -0.009
 5.604  8.632 -100.260   0.032  0.100 -0.984  -0.070  0.153  0.848  -0.132  0.098 -0.010
 5.633  8.655 -100.287   0.032  0.108 -0.984  -0.070  0.153  0.844  -0.136  0.096 -0.014
 5.665  8.665 -100.315   0.032  0.108 -0.988  -0.070  0.153  0.844  -0.127  0.101 -0.015
 5.660  8.628 -100.422   0.024  0.088 -0.984  -0.070  0.153  0.844  -0.125  0.084 -0.010
 5.673  8.606 -100.513   0.024  0.092 -0.980  -0.067  0.150  0.835  -0.130  0.098 -0.018
 5.669  8.595 -100.627   0.020  0.096 -0.976  -0.067  0.150  0.835  -0.127  0.088 -0.020
 5.662  8.563 -100.754   0.020  0.088 -0.988  -0.067  0.150  0.835  -0.129  0.087 -0.023
 5.660  8.532 -100.904   0.024  0.088 -0.988  -0.072  0.142  0.848  -0.130  0.080 -0.019
 5.666  8.513 -101.036   0.024  0.096 -0.980  -0.072  0.142  0.848  -0.123  0.086 -0.023
 5.672  8.491 -101.162   0.024  0.096 -0.988  -0.072  0.142  0.848  -0.121  0.087 -0.020
 5.693  8.506 -101.235   0.028  0.108 -0.988  -0.072  0.142  0.848  -0.129  0.091 -0.021
 5.710  8.501 -101.344   0.028  0.100 -0.980  -0.078  0.153  0.838  -0.127  0.087 -0.023
 5.715  8.519 -101.465   0.024  0.108 -0.980  -0.078  0.153  0.838  -0.130  0.079 -0.023
 5.725  8.516 -101.601   0.024  0.108 -0.996  -0.078  0.153  0.838  -0.116  0.087 -0.034
 5.718  8.501 -101.812   0.016  0.100 -0.992  -0.080  0.153  0.835  -0.123  0.080 -0.021
 5.714  8.503 -101.966   0.020  0.108 -0.980  -0.080  0.153  0.835  -0.116  0.075 -0.021
 5.722  8.481 -102.076   0.028  0.100 -0.988  -0.080  0.153  0.835  -0.115  0.080 -0.025
 5.728  8.473 -102.218   0.024  0.104 -0.992  -0.080  0.147  0.844  -0.120  0.080 -0.028
 5.735  8.470 -102.351   0.024  0.104 -0.992  -0.080  0.147  0.844  -0.124  0.080 -0.024
 5.748  8.453 -102.424   0.032  0.100 -0.976  -0.080  0.147  0.844  -0.116  0.078 -0.031
 5.735  8.410 -102.541   0.028  0.088 -0.984  -0.080  0.147  0.844  -0.116  0.064 -0.025
 5.730  8.406 -102.614   0.028  0.104 -0.992  -0.080  0.156  0.838  -0.118  0.068 -0.026
 5.752  8.437 -102.702   0.024  0.108 -0.996  -0.080  0.156  0.838  -0.146  0.088 -0.017
 5.860  8.512 -102.728   0.028  0.112 -0.984  -0.080  0.156  0.838  -0.190  0.150  0.012
 6.089  8.632 -102.753   0.032  0.120 -0.964  -0.080  0.153  0.835  -0.231  0.241 -0.009
 6.401  8.789 -102.868   0.024  0.136 -0.948  -0.080  0.153  0.835  -0.248  0.323 -0.050
 6.746  8.894 -102.876   0.036  0.144 -0.932  -0.080  0.153  0.835  -0.192  0.357 -0.041
 6.756  9.028 -102.764   0.052  0.124 -0.868  -0.098  0.145  0.846  -0.181  0.036  0.035
 6.757  8.956 -103.110   0.036  0.088 -0.880  -0.098  0.145  0.846  -0.105  0.078 -0.183
 6.884  8.737 -103.413   0.048  0.084 -0.880  -0.098  0.145  0.846  -0.006  0.200 -0.228
 7.070  8.482 -103.615   0.052  0.084 -0.868  -0.098  0.145  0.846   0.023  0.257 -0.184
 7.308  8.208 -104.021   0.044  0.096 -0.832  -0.124  0.156  0.835   0.048  0.286 -0.146
 7.461  7.983 -104.245   0.056  0.108 -0.808  -0.124  0.156  0.835   0.075  0.206 -0.144
 7.553  7.916 -104.542   0.048  0.128 -0.800  -0.124  0.156  0.835   0.018  0.152 -0.210
 7.592  7.992 -104.809   0.048  0.148 -0.800  -0.132  0.176  0.825  -0.041  0.081 -0.203
 7.617  8.120 -105.207   0.040  0.124 -0.804  -0.132  0.176  0.825  -0.151  0.064 -0.245
 7.724  8.169 -105.673   0.040  0.096 -0.808  -0.132  0.176  0.825  -0.181  0.142 -0.257
 7.789  8.119 -106.106   0.036  0.100 -0.832  -0.137  0.150  0.836  -0.096  0.128 -0.125
 7.776  8.042 -106.512   0.032  0.112 -0.844  -0.137  0.150  0.836  -0.030  0.081 -0.123
 7.744  7.879 -106.823   0.044  0.120 -0.824  -0.137  0.150  0.836   0.080  0.073 -0.164
 7.615  7.565 -107.108   0.052  0.080 -0.812  -0.137  0.150  0.836   0.141  0.009 -0.141
 7.487  7.195 -107.386   0.048  0.072 -0.824  -0.140  0.173  0.816   0.176  0.034 -0.116
 7.328  6.866 -107.442   0.060  0.096 -0.864  -0.140  0.173  0.816   0.218 -0.012 -0.041
 6.937  6.818 -107.246   0.084  0.100 -0.912  -0.140  0.173  0.816   0.063 -0.307  0.024
 6.395  7.151 -107.193   0.040  0.128 -0.928  -0.124  0.194  0.818  -0.162 -0.456 -0.020
 5.859  7.427 -107.413   0.012  0.104 -0.864  -0.124  0.194  0.818  -0.163 -0.423 -0.091
 5.411  7.524 -107.784   0.004  0.084 -0.936  -0.124  0.194  0.818  -0.099 -0.317 -0.116
 4.900  7.555 -107.729   0.016  0.076 -0.952  -0.083  0.182  0.821  -0.037 -0.355 -0.072
 4.575  7.671 -107.881  -0.004  0.048 -0.952  -0.083  0.182  0.821  -0.214 -0.221 -0.040
 4.487  7.666 -108.082  -0.016  0.056 -0.944  -0.083  0.182  0.821  -0.158  0.014 -0.003
 4.549  7.475 -107.988   0.016  0.052 -0.948  -0.083  0.182  0.821  -0.050  0.139  0.058
 4.522  7.399 -107.722   0.032  0.056 -0.960  -0.083  0.182  0.806  -0.104  0.016  0.090
 4.553  7.450 -107.782   0.000  0.072 -0.968  -0.083  0.182  0.806  -0.197  0.079  0.005
 4.899  7.249 -108.120  -0.028  0.072 -0.976  -0.083  0.182  0.806  -0.074  0.444 -0.036
 5.485  6.742 -108.389   0.004  0.056 -0.988  -0.098  0.176  0.805   0.078  0.677  0.016
 5.861  6.474 -108.285   0.048  0.060 -1.000  -0.098  0.176  0.805  -0.038  0.406  0.016
 5.968  6.763 -107.859   0.076  0.076 -1.016  -0.098  0.176  0.805  -0.377  0.018  0.078
 5.939  7.310 -107.604   0.060  0.104 -1.048  -0.106  0.156  0.808  -0.531 -0.144  0.109
 5.938  7.700 -107.580   0.024  0.092 -1.044  -0.106  0.156  0.808  -0.459 -0.045  0.158
 6.087  7.871 -107.648   0.012  0.108 -1.016  -0.106  0.156  0.808  -0.294  0.150  0.124
 6.132  7.983 -107.633   0.032  0.116 -0.992  -0.106  0.156  0.808  -0.198  0.060  0.042
 5.974  8.109 -107.655   0.036  0.120 -0.992  -0.106  0.147  0.795  -0.153 -0.118 -0.018
 5.883  8.188 -107.656   0.044  0.112 -1.004  -0.106  0.147  0.795  -0.152 -0.068 -0.023
 5.952  8.285 -107.621   0.044  0.116 -1.000  -0.106  0.147  0.795  -0.201  0.056  0.020
 6.162  8.203 -107.760   0.024  0.120 -0.996  -0.103  0.124  0.814  -0.090  0.240  0.034
 6.691  7.616 -108.000   0.016  0.096 -1.000  -0.103  0.124  0.814   0.193  0.647  0.093
 7.440  6.895 -108.141   0.040  0.080 -1.012  -0.103  0.124  0.814   0.224  0.861  0.070
 8.163  6.133 -108.345   0.072  0.088 -1.068  -0.150  0.159  0.789   0.277  0.818  0.090
 8.763  5.528 -108.327   0.096  0.108 -1.128  -0.150  0.159  0.789   0.231  0.688  0.125
 9.286  5.168 -108.396   0.080  0.112 -1.180  -0.150  0.159  0.789   0.051  0.607  0.145
10.008  5.186 -108.416   0.080  0.120 -1.196  -0.150  0.159  0.789  -0.300  0.691  0.194
10.961  5.585 -108.729   0.080  0.140 -1.176  -0.199  0.176  0.780  -0.676  0.764  0.179
12.003  6.025 -109.082   0.092  0.128 -1.100  -0.199  0.176  0.780  -0.765  0.825  0.085
12.787  6.226 -109.328   0.160  0.072 -1.040  -0.199  0.176  0.780  -0.587  0.608 -0.138
13.092  5.975 -109.924   0.176  0.068 -1.032  -0.243  0.124  0.788  -0.174  0.284 -0.075
13.111  5.499 -110.864   0.144  0.096 -1.072  -0.243  0.124  0.788   0.132  0.181 -0.290
13.043  5.070 -111.473   0.144  0.100 -1.076  -0.243  0.124  0.788   0.140  0.109 -0.050
12.749  4.927 -112.202   0.144  0.080 -1.048  -0.245  0.142  0.780  -0.037 -0.160 -0.208
11.963  4.953 -112.659   0.168  0.080 -1.048  -0.245  0.142  0.780   0.016 -0.647 -0.158
10.866  4.904 -113.035   0.164  0.064 -1.040  -0.245  0.142  0.780   0.158 -0.894 -0.067
 9.713  4.845 -113.637   0.124  0.076 -1.044  -0.245  0.142  0.780   0.222 -0.911 -0.109
 8.913  5.148 -113.816   0.092  0.064 -1.092  -0.173  0.156  0.780  -0.152 -0.685 -0.056
 8.946  5.398 -114.078   0.056  0.116 -1.128  -0.173  0.156  0.780  -0.312  0.024 -0.002
 9.696  5.537 -114.587   0.028  0.112 -1.132  -0.173  0.156  0.780  -0.501  0.660 -0.035
11.060  5.788 -115.216   0.048  0.124 -1.124  -0.189  0.116  0.797  -0.827  1.062  0.027
12.450  5.935 -115.723   0.080  0.100 -1.072  -0.189  0.116  0.797  -0.827  1.105  0.012
13.600  5.287 -115.940   0.092  0.104 -1.016  -0.189  0.116  0.797  -0.119  1.241  0.101
14.353  4.166 -116.358   0.160  0.084 -0.964  -0.276  0.110  0.776   0.314  0.973  0.154
14.406  3.129 -116.448   0.208  0.068 -0.952  -0.276  0.110  0.776   0.536  0.373  0.126
14.325  2.742 -116.571   0.204  0.084 -0.972  -0.276  0.110  0.776   0.140  0.052  0.090
14.518  2.943 -116.482   0.216  0.116 -0.968  -0.276  0.110  0.776  -0.309  0.037  0.103
14.948  3.453 -116.393   0.208  0.096 -0.928  -0.279  0.133  0.765  -0.683  0.104  0.109
15.270  3.550 -116.386   0.188  0.084 -0.888  -0.279  0.133  0.765  -0.377  0.197  0.130
15.455  3.321 -116.450   0.180  0.072 -0.872  -0.279  0.133  0.765  -0.113  0.228  0.124
15.698  3.010 -116.801   0.168  0.076 -0.908  -0.292  0.116  0.776  -0.115  0.321  0.132
16.353  2.836 -117.077   0.172  0.120 -0.956  -0.292  0.116  0.776  -0.276  0.620  0.095
16.851  2.670 -117.059   0.224  0.136 -0.940  -0.292  0.116  0.776  -0.121  0.460 -0.014
17.194  2.552 -117.182   0.212  0.096 -0.940  -0.292  0.116  0.776  -0.224  0.335  0.030
16.887  2.546 -116.794   0.272  0.084 -0.928  -0.292  0.116  0.776   0.025 -0.274  0.041
15.898  2.717 -116.763   0.232  0.092 -0.944  -0.292  0.116  0.776   0.094 -0.835  0.012
14.557  3.243 -116.745   0.240  0.092 -0.948  -0.292  0.116  0.776  -0.025 -1.290 -0.065
12.976  3.827 -116.758   0.184  0.080 -0.956  -0.243  0.121  0.774   0.001 -1.435 -0.098
11.653  4.281 -117.234   0.120  0.088 -0.976  -0.243  0.121  0.774  -0.028 -1.154 -0.116
10.817  4.702 -117.761   0.104  0.084 -0.968  -0.243  0.121  0.774  -0.191 -0.791 -0.064
10.443  5.121 -118.030   0.060  0.080 -0.976  -0.171  0.113  0.797  -0.350 -0.353 -0.018
10.294  5.185 -118.310   0.052  0.100 -0.988  -0.171  0.113  0.797  -0.132 -0.036 -0.039
 9.949  5.116 -118.615   0.052  0.104 -0.976  -0.171  0.113  0.797   0.064 -0.134 -0.108
 9.478  4.912 -119.058   0.048  0.072 -0.960  -0.171  0.113  0.797   0.157 -0.190 -0.112
 9.541  4.622 -119.170   0.028  0.108 -0.956  -0.160  0.139  0.786   0.105  0.307  0.005
 9.726  4.264 -119.259   0.048  0.080 -0.992  -0.160  0.139  0.786   0.046  0.399  0.021
10.114  4.238 -119.178   0.052  0.108 -0.996  -0.160  0.139  0.786  -0.222  0.429  0.078
10.373  4.138 -119.281   0.076  0.096 -1.000  -0.186  0.127  0.788  -0.154  0.311  0.037
10.371  3.996 -119.319   0.084  0.092 -0.976  -0.186  0.127  0.788  -0.011  0.128  0.023
10.408  3.691 -119.305   0.092  0.076 -0.964  -0.186  0.127  0.788   0.070  0.211  0.060
10.167  3.371 -118.863   0.140  0.068 -0.976  -0.186  0.133  0.788   0.216 -0.046  0.081
 9.179  3.329 -118.678   0.124  0.060 -0.984  -0.186  0.133  0.788   0.307 -0.723  0.001
 7.972  3.467 -118.924   0.084  0.048 -1.004  -0.186  0.133  0.788   0.220 -0.940 -0.051
 6.810  3.659 -119.246   0.076  0.052 -1.028  -0.186  0.133  0.788   0.185 -0.951 -0.079
 6.046  4.007 -118.710   0.052  0.092 -1.044  -0.116  0.182  0.788   0.030 -0.642  0.016
 5.409  4.307 -118.234   0.044  0.064 -1.028  -0.116  0.182  0.788  -0.049 -0.553  0.071
 5.054  4.577 -118.197  -0.024  0.088 -1.020  -0.116  0.182  0.788  -0.110 -0.243  0.027
 5.004  4.562 -117.749   0.004  0.060 -0.968  -0.075  0.188  0.793  -0.059  0.073  0.004
 4.668  4.305 -117.390   0.000  0.036 -0.980  -0.075  0.188  0.793   0.193 -0.053 -0.002
 4.442  4.072 -116.844   0.016  0.060 -1.004  -0.075  0.188  0.793   0.194 -0.004  0.037
 4.006  4.076 -116.159   0.036  0.052 -1.032  -0.072  0.194  0.793   0.092 -0.296  0.026
 3.254  4.182 -115.854  -0.008  0.036 -1.012  -0.072  0.194  0.793   0.089 -0.536 -0.004
 2.764  4.360 -115.453   0.008  0.048 -1.008  -0.072  0.194  0.793  -0.036 -0.405 -0.020
 1.865  4.527 -115.232  -0.008  0.028 -1.028  -0.072  0.194  0.793   0.079 -0.722 -0.052
 0.999  4.759 -114.759  -0.056  0.048 -1.032  -0.023  0.220  0.786   0.047 -0.645 -0.018
 0.484  5.164 -114.501  -0.072  0.064 -1.032  -0.023  0.220  0.786  -0.190 -0.432 -0.107
 0.306  5.660 -114.241  -0.088  0.080 -1.068  -0.023  0.220  0.786  -0.366 -0.196 -0.029
 0.389  6.048 -113.912  -0.124  0.100 -1.084   0.008  0.208  0.797  -0.361  0.108  0.025
 0.640  6.406 -113.631  -0.112  0.112 -1.072   0.008  0.208  0.797  -0.388  0.240 -0.057
 1.074  6.552 -113.295  -0.092  0.088 -1.048   0.008  0.208  0.797  -0.336  0.435 -0.037
 1.607  6.640 -112.864  -0.044  0.080 -1.012  -0.013  0.191  0.795  -0.334  0.467 -0.006
 1.764  6.512 -112.482  -0.036  0.056 -0.992  -0.013  0.191  0.795  -0.082  0.241 -0.087
 1.661  6.212 -112.318  -0.056  0.060 -0.976  -0.013  0.191  0.795   0.155  0.128 -0.163
 1.579  6.010 -112.206  -0.052  0.056 -0.964  -0.013  0.191  0.795   0.074  0.106 -0.218
 1.704  6.017 -112.120  -0.036  0.036 -0.956  -0.031  0.211  0.786  -0.193  0.165 -0.188
 1.709  5.991 -112.118  -0.052  0.036 -0.960  -0.031  0.211  0.786  -0.127  0.109 -0.169
 1.703  5.834 -112.125  -0.048  0.040 -0.972  -0.031  0.211  0.786  -0.011  0.137 -0.212
 1.890  5.753 -112.198  -0.056  0.040 -0.976  -0.036  0.205  0.789  -0.129  0.278 -0.152
 2.260  5.577 -112.120  -0.040  0.024 -0.992  -0.036  0.205  0.789  -0.145  0.433 -0.079
 2.456  5.324 -111.996  -0.040  0.024 -1.056  -0.036  0.205  0.789  -0.027  0.328 -0.064
 2.509  5.185 -111.867  -0.012  0.032 -1.028  -0.062  0.197  0.788  -0.047  0.131 -0.021
 2.626  5.083 -111.627  -0.012  0.052 -1.008  -0.062  0.197  0.788  -0.053  0.178  0.046
 2.820  5.035 -111.512  -0.020  0.048 -0.976  -0.062  0.197  0.788  -0.124  0.241  0.009
 3.059  4.885 -111.381  -0.016  0.036 -0.956  -0.062  0.197  0.788  -0.079  0.310  0.030
 3.385  4.640 -111.453  -0.032  0.036 -0.968  -0.080  0.217  0.782  -0.027  0.440  0.036
 3.814  4.408 -111.493  -0.028  0.052 -0.984  -0.080  0.217  0.782  -0.036  0.528  0.009
 4.493  3.997 -111.612  -0.036  0.044 -0.984  -0.080  0.217  0.782   0.014  0.817  0.014
 5.379  3.440 -112.063  -0.028  0.024 -0.952  -0.119  0.211  0.780   0.025  1.028  0.010
 6.196  2.739 -112.328   0.008  0.004 -0.952  -0.119  0.211  0.780   0.118  0.993  0.007
 6.911  1.997 -112.359   0.024  0.008 -0.964  -0.119  0.211  0.780   0.204  0.933  0.081
 7.649  1.179 -112.786   0.040  0.004 -0.964  -0.194  0.231  0.773   0.237  0.963  0.068
 8.560  0.292 -113.145   0.028  0.008 -0.968  -0.194  0.231  0.773   0.248  1.187  0.147
 9.839 -0.454 -113.192   0.064  0.004 -0.980  -0.194  0.231  0.773   0.013  1.412  0.240
11.148 -0.995 -112.924   0.112  0.008 -1.028  -0.194  0.231  0.773  -0.125  1.340  0.264
11.815 -1.271 -113.071   0.128  0.024 -1.064  -0.279  0.269  0.737  -0.136  0.746  0.218
12.268 -1.094 -113.022   0.200  0.044 -1.144  -0.279  0.269  0.737  -0.363  0.348  0.148
11.942  0.142 -112.440   0.340  0.100 -1.216  -0.279  0.269  0.737  -0.773 -0.786  0.156
11.126  2.041 -111.624   0.372  0.168 -1.248  -0.256  0.231  0.761  -1.040 -1.411  0.150
 9.811  4.841 -110.794   0.372  0.224 -1.272  -0.256  0.231  0.761  -1.620 -2.107  0.156
 8.043  7.991 -110.909   0.180  0.296 -1.256  -0.256  0.231  0.761  -1.747 -2.318 -0.239
 7.180 10.697 -110.250   0.128  0.248 -1.180  -0.090  0.098  0.795  -1.838 -1.450 -0.179
 6.226 12.622 -109.404   0.128  0.164 -1.020  -0.090  0.098  0.795  -1.353 -1.335 -0.161
 5.838 13.408 -110.574  -0.100  0.084 -0.880  -0.090  0.098  0.795  -0.774 -0.431 -0.168
 6.366 13.571 -112.115  -0.172  0.076 -0.868  -0.090  0.098  0.795  -0.493  0.543 -0.050
 7.753 13.332 -114.028  -0.128  0.056 -0.884  -0.070  0.035  0.805  -0.518  1.212  0.005
 8.623 12.579 -115.715  -0.040  0.016 -0.780  -0.070  0.035  0.805  -0.126  0.897  0.029
 8.030 11.135 -116.047   0.020  0.028 -0.736  -0.070  0.035  0.805   0.901  0.065 -0.009
 7.078  9.893 -116.715  -0.012  0.068 -0.880  -0.096  0.052  0.808   1.017 -0.238 -0.127
 6.616  9.343 -117.077   0.024  0.096 -0.992  -0.096  0.052  0.808   0.380 -0.141 -0.236
 6.378  9.218 -117.212   0.024  0.112 -0.948  -0.096  0.052  0.808   0.030 -0.128 -0.130
 6.180  8.725 -117.121   0.012  0.104 -0.944  -0.088  0.087  0.797   0.295  0.085 -0.035
 6.060  8.414 -116.933   0.016  0.140 -0.996  -0.088  0.087  0.797   0.204  0.086 -0.047
 5.903  8.779 -116.700   0.040  0.136 -0.960  -0.088  0.087  0.797  -0.285 -0.230 -0.194
 5.344  8.774 -116.954  -0.004  0.076 -0.908  -0.088  0.087  0.797   0.022 -0.394 -0.134
 4.872  8.465 -117.176  -0.020  0.064 -0.920  -0.075  0.098  0.795   0.209 -0.188 -0.096
 4.796  8.092 -117.384  -0.024  0.076 -0.892  -0.075  0.098  0.795   0.151  0.147 -0.070
 4.869  7.259 -117.649  -0.020  0.044 -0.848  -0.075  0.098  0.795   0.394  0.432  0.019
 4.821  6.295 -117.446   0.004  0.032 -0.864  -0.070  0.118  0.801   0.538  0.388  0.058
 4.758  5.450 -117.210   0.004  0.044 -0.912  -0.070  0.118  0.801   0.507  0.343  0.052
 4.886  4.848 -116.816   0.008  0.084 -0.996  -0.070  0.118  0.801   0.347  0.412  0.075
 5.009  4.815 -116.419   0.016  0.124 -1.008  -0.101  0.153  0.791   0.002  0.181  0.115
 4.989  4.811 -116.188   0.020  0.104 -1.028  -0.101  0.153  0.791  -0.010  0.052 -0.014
 4.943  4.887 -115.713   0.044  0.120 -1.040  -0.101  0.153  0.791  -0.025 -0.025  0.053
 4.713  5.183 -115.296   0.036  0.124 -1.032  -0.101  0.153  0.791  -0.118 -0.229  0.025
 4.250  5.653 -114.811   0.028  0.128 -1.008  -0.085  0.168  0.782  -0.160 -0.448 -0.028
 3.827  5.948 -114.687  -0.020  0.112 -0.980  -0.085  0.168  0.782  -0.090 -0.316 -0.032
 3.719  5.975 -114.772  -0.040  0.084 -0.956  -0.085  0.168  0.782  -0.050  0.020 -0.002
 3.726  5.828 -114.539  -0.028  0.064 -0.964  -0.057  0.165  0.799   0.002  0.162  0.056
 3.596  5.538 -114.370  -0.028  0.052 -0.960  -0.057  0.165  0.799   0.146  0.104  0.026
 3.504  5.218 -114.430  -0.044  0.040 -0.964  -0.057  0.165  0.799   0.143  0.165 -0.019
 3.523  4.994 -114.437  -0.032  0.040 -0.976  -0.070  0.185  0.784   0.029  0.195 -0.019
 3.492  4.844 -114.277  -0.012  0.028 -1.004  -0.070  0.185  0.784  -0.022  0.101  0.023
 3.410  4.839 -114.015  -0.008  0.052 -1.016  -0.070  0.185  0.784  -0.069  0.012  0.024
 3.419  4.806 -113.739  -0.004  0.064 -0.988  -0.070  0.199  0.776  -0.048  0.088 -0.019
 3.443  4.729 -113.463   0.000  0.044 -0.980  -0.070  0.199  0.776  -0.055  0.106  0.001
 3.423  4.765 -113.172  -0.004  0.056 -1.000  -0.070  0.199  0.776  -0.105  0.043  0.013
 3.358  4.856 -112.968  -0.012  0.052 -0.984  -0.070  0.199  0.776  -0.142  0.002  0.002
 3.353  4.855 -112.720  -0.008  0.032 -0.984  -0.059  0.194  0.799  -0.132  0.069 -0.006
 3.472  4.739 -112.564  -0.016  0.032 -0.988  -0.059  0.194  0.799  -0.085  0.213 -0.010
 3.772  6.984 -112.685  -0.012  0.044 -1.012  -0.098  0.225  0.778  -0.201  0.048  0.002
 3.858  6.831 -112.742  -0.016  0.032 -0.980  -0.098  0.225  0.778  -0.115  0.176  0.010
 4.037  6.511 -112.726  -0.008  0.028 -0.972  -0.098  0.225  0.778  -0.016  0.299  0.047
 4.328  6.272 -112.573   0.008  0.036 -0.988  -0.098  0.225  0.778  -0.094  0.348  0.073
 4.653  6.094 -112.480   0.008  0.028 -1.004  -0.103  0.223  0.771  -0.168  0.361  0.090
 4.754  5.980 -112.303   0.020  0.024 -0.984  -0.103  0.223  0.771  -0.151  0.148  0.076
 4.621  5.840 -112.129   0.024  0.016 -0.984  -0.103  0.223  0.771  -0.071 -0.026  0.052
 4.444  5.849 -112.063   0.012  0.032 -0.980  -0.106  0.231  0.782  -0.135 -0.086 -0.006
 4.385  5.911 -112.016   0.016  0.028 -0.980  -0.106  0.231  0.782  -0.219 -0.029 -0.023
 4.351  5.928 -111.934   0.024  0.020 -0.976  -0.106  0.231  0.782  -0.207 -0.010 -0.019
 4.163  5.944 -111.800   0.028  0.028 -0.972  -0.098  0.228  0.778  -0.137 -0.138 -0.072
 3.991  5.912 -111.815   0.016  0.020 -0.960  -0.098  0.228  0.778  -0.121 -0.097 -0.112
 3.970  5.798 -111.931   0.004  0.020 -0.960  -0.098  0.228  0.778  -0.102  0.065 -0.117
 3.975  5.651 -111.943   0.012  0.016 -0.968  -0.098  0.228  0.778  -0.087  0.085 -0.065
 3.945  5.616 -111.745   0.020  0.044 -0.984  -0.088  0.225  0.782  -0.102  0.019 -0.048
 3.832  5.649 -111.525   0.024  0.036 -1.008  -0.088  0.225  0.782  -0.146 -0.078 -0.036
 3.743  5.669 -111.471   0.000  0.036 -1.016  -0.088  0.225  0.782  -0.148 -0.020 -0.035
 3.637  5.618 -111.450   0.004  0.032 -1.020  -0.093  0.223  0.784  -0.093 -0.024 -0.035
 3.465  5.603 -111.401   0.008  0.036 -1.016  -0.093  0.223  0.784  -0.090 -0.098 -0.046
 3.303  5.638 -111.361   0.000  0.040 -1.012  -0.093  0.223  0.784  -0.124 -0.097 -0.015
 3.267  5.614 -111.215  -0.012  0.036 -0.992  -0.080  0.234  0.776  -0.121  0.045  0.045
 3.432  5.435 -111.073  -0.012  0.032 -0.992  -0.080  0.234  0.776  -0.065  0.255  0.070
 3.687  5.205 -110.986  -0.020  0.036 -1.004  -0.080  0.234  0.776  -0.039  0.365  0.069
 3.973  4.990 -110.859  -0.012  0.044 -1.004  -0.080  0.234  0.776  -0.041  0.384  0.053
 4.144  4.849 -110.800   0.000  0.040 -1.016  -0.096  0.231  0.773  -0.071  0.252  0.045
 3.877  4.932 -110.712   0.008  0.032 -1.028  -0.096  0.231  0.773  -0.131 -0.180  0.013
 3.866  5.000 -110.602   0.016  0.036 -1.024  -0.096  0.231  0.773  -0.189  0.012  0.004
 3.741  5.106 -110.455   0.016  0.032 -1.004  -0.088  0.225  0.786  -0.192 -0.092 -0.009
 3.586  5.146 -110.395   0.008  0.020 -0.988  -0.088  0.225  0.786  -0.156 -0.091 -0.017
 3.467  5.134 -110.389   0.000  0.020 -0.980  -0.088  0.225  0.786  -0.125 -0.037 -0.012
 3.371  5.067 -110.456  -0.016  0.016 -0.980  -0.088  0.234  0.773  -0.093  0.021  0.003
 3.373  4.921 -110.600  -0.028  0.016 -0.976  -0.088  0.234  0.773  -0.060  0.142  0.013
 3.476  4.805 -110.674  -0.024  0.024 -0.976  -0.088  0.234  0.773  -0.090  0.213  0.030
 3.558  4.694 -110.656  -0.004  0.016 -0.980  -0.088  0.234  0.773  -0.102  0.164  0.013
 3.596  4.568 -110.641   0.004  0.016 -0.980  -0.093  0.228  0.782  -0.072  0.120  0.014
 3.615  4.490 -110.583   0.012  0.016 -0.984  -0.093  0.228  0.782  -0.102  0.079  0.003
 3.602  4.421 -110.528   0.012  0.012 -0.988  -0.093  0.228  0.782  -0.105  0.052  0.008
 3.513  4.366 -110.425   0.004  0.012 -0.984  -0.083  0.234  0.780  -0.090  0.004  0.004
 3.408  4.325 -110.349   0.000  0.024 -0.984  -0.083  0.234  0.780  -0.070 -0.007 -0.017
 3.360  4.216 -110.274   0.004  0.016 -0.968  -0.083  0.234  0.780  -0.049  0.049 -0.024
 3.335  4.023 -110.128   0.016  0.008 -0.976  -0.088  0.243  0.769  -0.002  0.068  0.003
 3.304  3.855 -110.100   0.000  0.004 -0.972  -0.088  0.243  0.769  -0.016  0.087  0.010
 3.277  3.655 -110.082  -0.004  0.000 -1.000  -0.088  0.243  0.769   0.006  0.107  0.034
 3.309  3.333 -110.241  -0.008 -0.044 -1.096  -0.088  0.243  0.769   0.014  0.198 -0.004
 3.529  2.955 -110.238   0.016 -0.080 -1.312  -0.088  0.246  0.778  -0.039  0.323  0.060
 3.691  3.094 -109.657   0.092 -0.116 -1.700  -0.088  0.246  0.778  -0.424  0.064  0.269
 3.936  4.482 -109.373   0.052 -0.132 -2.208  -0.088  0.246  0.778  -1.214 -0.203  0.262
 4.739  7.167 -108.691  -0.112 -0.256 -2.540  -0.085  0.191  0.788  -2.443 -0.106  0.666
 6.458 11.686 -107.312  -0.012 -0.112 -2.700  -0.085  0.191  0.788  -4.210  0.190  1.450
 7.549 16.191 -105.679   0.036  0.176 -2.688  -0.085  0.191  0.788  -4.035 -0.230  1.655
 7.617 18.900 -103.610   0.060  0.452 -2.556  -0.036 -0.075  0.814  -2.302 -0.543  1.823
 6.919 19.509 -101.178   0.024  0.656 -2.388  -0.036 -0.075  0.814  -0.396 -0.676  1.922
 5.599 17.411 -98.587  -0.004  0.632 -2.228  -0.036 -0.075  0.814   1.992 -0.762  1.897
 4.155 13.968 -96.184  -0.036  0.436 -2.024  -0.036 -0.075  0.814   3.137 -0.818  1.756
 2.614 10.513 -93.560  -0.064  0.212 -1.856   0.052  0.049  0.829   2.854 -0.803  1.513
 1.434  8.580 -91.640  -0.088  0.052 -1.692   0.052  0.049  0.829   1.423 -0.731  1.175
 0.619  8.608 -90.768  -0.092 -0.024 -1.480   0.052  0.049  0.829  -0.342 -0.535  0.603
 0.089 10.232 -89.310  -0.084 -0.060 -1.208   0.134  0.139  0.840  -1.807 -0.257 -0.035
-0.214 12.767 -88.776  -0.052  0.020 -0.896   0.134  0.139  0.840  -2.534 -0.014 -0.502
-0.439 15.191 -89.518  -0.044  0.140 -0.556   0.134  0.139  0.840  -2.086  0.080 -1.034
-0.742 16.527 -90.114   0.004  0.096 -0.176   0.155 -0.003  0.870  -0.714 -0.019 -1.297
-0.914 18.464 -90.256   0.040  0.048 -0.024   0.155 -0.003  0.870  -0.280 -0.506 -1.348
-1.209 20.563 -90.642   0.076  0.044  0.040   0.155 -0.003  0.870  -0.327 -0.999 -1.235
-2.488 22.146 -90.463   0.100  0.044  0.068   0.155 -0.003  0.870   0.012 -1.839 -1.012
-4.830 23.265 -89.515   0.096  0.032  0.072   0.258 -0.020  0.889   0.312 -2.630 -0.723
-7.977 23.892 -88.027   0.072  0.016  0.080   0.258 -0.020  0.889   0.492 -3.227 -0.400
-11.759 24.245 -86.153   0.052  0.012  0.084   0.258 -0.020  0.889   0.530 -3.582 -0.173
-17.121 24.035 -83.685   0.044  0.016  0.092   0.574  0.032  0.848   0.483 -3.898  0.064
-22.876 23.667 -80.948   0.036  0.016  0.100   0.574  0.032  0.848   0.404 -4.111  0.202
-28.875 23.190 -78.114   0.028  0.016  0.088   0.574  0.032  0.848   0.378 -4.234  0.176
-35.232 22.647 -75.158   0.012  0.024  0.072   0.922  0.058  0.737   0.376 -4.230  0.128
-41.446 21.830 -72.444   0.008  0.020  0.076   0.922  0.058  0.737   0.430 -4.104  0.034
-47.490 20.977 -69.993  -0.008  0.028  0.076   0.922  0.058  0.737   0.560 -3.864 -0.107
-53.174 19.867 -67.806  -0.008  0.024  0.068   0.922  0.058  0.737   0.719 -3.656 -0.200
-58.604 18.614 -66.146  -0.020  0.016  0.056   1.186  0.090  0.579   0.841 -3.426 -0.304
-63.673 17.236 -64.719  -0.012  0.008  0.044   1.186  0.090  0.579   0.901 -3.221 -0.359
-68.429 15.585 -63.137   0.000  0.016  0.056   1.186  0.090  0.579   0.982 -3.109 -0.395
-73.121 13.714 -61.713   0.000  0.016  0.056   1.310  0.168  0.406   1.025 -3.087 -0.426
-77.625 11.541 -60.255   0.008  0.024  0.056   1.310  0.168  0.406   1.118 -3.147 -0.511
-82.110  9.191 -59.135   0.004  0.024  0.056   1.310  0.168  0.406   1.199 -3.281 -0.690
-86.692  6.497 -58.556   0.004  0.020  0.056   1.362  0.266  0.209   1.289 -3.423 -0.949
-91.248  3.904 -58.565  -0.008  0.016  0.064   1.362  0.266  0.209   1.363 -3.494 -1.139
-95.761  1.269 -59.017  -0.012  0.012  0.064   1.362  0.266  0.209   1.485 -3.589 -1.334
-100.414 -1.569 -59.756   0.000  0.004  0.064   1.362  0.266  0.209   1.523 -3.703 -1.497
-104.631 -3.960 -60.435  -0.020 -0.012  0.044   1.305  0.376 -0.008   1.798 -3.511 -0.813
-104.737 -8.260 -62.259  -0.352  0.012 -0.044   1.305  0.376 -0.008   2.504 -2.390 -0.646
-101.971 -12.253 -63.797  -0.664  0.152 -0.096   1.305  0.376 -0.008   3.714 -0.091 -1.199
-96.771 -15.763 -64.597  -0.844  0.172 -0.080   1.220  0.393 -0.135   4.217  2.191 -1.205
-89.033 -17.335 -63.052  -1.364  0.192  0.096   1.220  0.393 -0.135   4.399  5.024  0.045
-76.727 -15.462 -59.269  -1.596  0.236  0.328   1.220  0.393 -0.135   4.525  9.960  0.764
-62.909 -10.995 -54.624  -1.728  0.164  0.052   1.287  0.306  0.184   4.404 11.480  1.969
-50.287 -5.483 -50.520  -1.660  0.064 -0.280   1.287  0.306  0.184   3.084 11.551  2.873
-38.929  1.390 -47.495  -1.672 -0.028 -0.632   1.287  0.306  0.184   1.161 12.318  2.782
-28.393  9.661 -44.555  -1.444 -0.044 -0.880   1.287  0.306  0.184   0.016 12.664  3.456
-20.164 19.268 -41.685  -0.956 -0.120 -1.348   0.866  0.150  0.686  -1.914 11.714  3.677
-14.582 28.752 -38.075  -0.348 -0.052 -1.604   0.866  0.150  0.686  -2.791  9.407  3.928
-10.914 35.395 -33.585   0.224  0.136 -1.808   0.866  0.150  0.686  -1.818  6.771  4.663
-7.628 39.555 -29.908   0.596  0.288 -1.896   0.225 -0.092  0.831   0.026  4.291  4.960
-5.096 40.748 -25.490   0.984  0.320 -1.952   0.225 -0.092  0.831   1.012  1.710  5.285
-3.665 40.178 -20.603   1.224  0.168 -1.944   0.225 -0.092  0.831   1.071 -0.086  5.080
-4.751 37.586 -15.125   1.308 -0.004 -1.988   0.196 -0.035  0.827  -0.009 -2.382  4.187
-8.539 33.629 -8.605   1.156 -0.104 -2.016   0.196 -0.035  0.827  -1.923 -3.936  3.765
-13.177 29.178 -2.221   0.840 -0.092 -2.048   0.196 -0.035  0.827  -3.078 -4.196  3.462
-18.087 24.473  3.432   0.580  0.024 -2.020   0.196 -0.035  0.827  -3.873 -4.069  2.997
-21.398 20.020  7.510   0.304  0.248 -1.964   0.522 -0.332  0.801  -3.036 -3.616  2.465
-21.872 15.563  9.847   0.060  0.456 -1.876   0.522 -0.332  0.801  -1.097 -3.023  1.662
-20.567 11.820 10.882  -0.112  0.556 -1.820   0.522 -0.332  0.801   0.430 -2.654  1.194
-17.861  8.659 11.800  -0.212  0.468 -1.660   0.742 -0.486  0.729   1.681 -2.304  0.897
-14.997  5.866 12.821  -0.312  0.348 -1.560   0.742 -0.486  0.729   1.794 -2.018  0.740
-12.325  3.503 14.328  -0.404  0.252 -1.392   0.742 -0.486  0.729   1.625 -1.602  0.888
-10.334  1.563 16.360  -0.420  0.156 -1.220   0.860 -0.442  0.705   0.977 -1.077  1.299
-9.437  0.016 19.020  -0.436  0.092 -1.096   0.860 -0.442  0.705   0.069 -0.528  1.673
-9.299 -1.070 21.682  -0.416  0.104 -0.988   0.860 -0.442  0.705  -0.410 -0.014  1.872
-9.022 -1.680 24.266  -0.368  0.160 -0.812   0.845 -0.540  0.709  -0.041  0.379  1.763
-8.091 -1.936 25.840  -0.280  0.212 -0.620   0.845 -0.540  0.709   0.920  0.343  1.288
-6.616 -2.223 26.547  -0.220  0.200 -0.436   0.845 -0.540  0.709   1.583  0.052  0.822
-4.680 -2.546 26.894  -0.112  0.112 -0.260   0.845 -0.540  0.709   1.935 -0.294  0.489
-2.808 -2.877 26.729  -0.024  0.044 -0.124   0.850 -0.474  0.722   1.841 -0.730  0.198
-1.952 -3.307 25.439  -0.008  0.040 -0.040   0.850 -0.474  0.722   1.739 -0.984  0.001
-1.746 -3.433 24.206   0.000  0.016 -0.004   0.850 -0.474  0.722   1.557 -1.092 -0.048
-0.926 -3.762 24.225   0.004  0.016  0.020   0.938 -0.358  0.709   1.556 -1.248  0.080
 0.264 -4.252 24.690   0.012  0.012  0.028   0.938 -0.358  0.709   1.598 -1.415  0.250
 1.530 -4.897 25.143   0.008  0.020  0.032   0.938 -0.358  0.709   1.644 -1.575  0.335
 2.552 -5.362 25.655   0.012  0.016  0.016   0.938 -0.358  0.709   1.725 -1.759  0.372
 3.904 -7.149 24.801  -0.016  0.016 -0.020   1.039 -0.251  0.652   1.733 -1.690  0.489
 6.174 -9.246 25.258  -0.104  0.028 -0.080   1.039 -0.251  0.652   1.786 -1.264  0.698
 9.481 -9.591 28.374  -0.320  0.000 -0.208   1.039 -0.251  0.652   1.539 -0.500  0.889
10.604 -9.270 31.323  -0.420 -0.068 -0.332   1.090 -0.220  0.596   0.343  0.831  1.603
 9.757 -8.904 33.681  -0.556  0.036 -0.412   1.090 -0.220  0.596  -0.451  1.928  1.735
 7.922 -7.766 35.217  -0.672  0.100 -0.516   1.090 -0.220  0.596  -0.262  2.960  1.731
 5.711 -5.011 38.348  -0.704  0.112 -0.612   0.920 -0.329  0.692  -0.355  4.098  1.814
 2.678 -2.511 40.191  -0.624  0.128 -0.752   0.920 -0.329  0.692  -0.341  4.415  1.784
-0.869  0.482 41.221  -0.564  0.216 -0.912   0.920 -0.329  0.692  -0.000  4.625  1.578
-3.285  4.214 42.937  -0.508  0.316 -1.056   0.556 -0.361  0.791   1.133  4.489  1.522
-5.353  8.606 44.300  -0.448  0.264 -1.204   0.556 -0.361  0.791   1.723  4.650  1.178
-7.554 12.247 45.577  -0.316  0.136 -1.312   0.556 -0.361  0.791   1.182  4.368  0.979
-10.236 15.281 46.765  -0.184  0.084 -1.408   0.556 -0.361  0.791   0.545  4.197  0.823
-13.338 17.488 48.671  -0.080  0.112 -1.460   0.189 -0.275  0.833   0.002  3.928  0.566
-16.332 19.213 50.037   0.108  0.108 -1.464   0.189 -0.275  0.833  -0.245  3.453  0.607
-18.792 19.912 51.339   0.276  0.068 -1.516   0.189 -0.275  0.833  -0.725  2.449  0.836
-20.707 19.462 53.404   0.408  0.084 -1.508  -0.075 -0.272  0.829  -0.952  1.413  0.982
-21.084 18.393 54.644   0.480  0.168 -1.528  -0.075 -0.272  0.829  -0.714  0.067  1.180
-19.963 16.795 55.251   0.520  0.128 -1.528  -0.075 -0.272  0.829  -0.461 -1.262  1.046
-18.048 14.195 55.402   0.496  0.064 -1.524  -0.005 -0.315  0.829  -0.869 -2.346  0.743
-15.952 10.833 55.204   0.404  0.020 -1.464  -0.005 -0.315  0.829  -1.321 -2.883  0.185
-13.609  7.064 54.688   0.284  0.080 -1.432  -0.005 -0.315  0.829  -1.387 -3.261 -0.316
-11.069  3.490 54.357   0.140  0.128 -1.396  -0.005 -0.315  0.829  -1.049 -3.250 -0.665
-8.449  0.377 53.517  -0.012  0.108 -1.352   0.279 -0.422  0.823  -0.824 -3.053 -0.591
-6.089 -2.632 53.295  -0.128  0.116 -1.300   0.279 -0.422  0.823  -0.865 -2.764 -0.459
-4.177 -5.358 53.526  -0.212  0.140 -1.260   0.279 -0.422  0.823  -0.925 -2.268 -0.371
-2.759 -7.747 53.299  -0.276  0.104 -1.168   0.494 -0.477  0.799  -1.002 -1.766 -0.318
-1.789 -10.026 53.159  -0.304  0.056 -1.092   0.494 -0.477  0.799  -1.294 -1.391 -0.412
-1.511 -12.470 52.932  -0.324  0.060 -0.988   0.494 -0.477  0.799  -1.821 -0.973 -0.528
-1.741 -14.828 52.182  -0.300  0.124 -0.892   0.605 -0.598  0.767  -1.886 -0.659 -0.673
-1.975 -16.696 51.198  -0.280  0.180 -0.812   0.605 -0.598  0.767  -1.427 -0.472 -0.776
-2.087 -18.183 50.174  -0.248  0.172 -0.732   0.605 -0.598  0.767  -1.113 -0.421 -0.827
-2.101 -19.394 49.304  -0.236  0.132 -0.728   0.605 -0.598  0.767  -1.022 -0.386 -0.805
-2.323 -20.649 48.421  -0.228  0.120 -0.672   0.664 -0.656  0.748  -1.192 -0.298 -0.768
-2.657 -21.842 47.463  -0.224  0.104 -0.612   0.664 -0.656  0.748  -1.278 -0.173 -0.875
-3.080 -22.931 46.296  -0.212  0.096 -0.564   0.664 -0.656  0.748  -1.298 -0.078 -1.065
-3.648 -23.923 44.940  -0.196  0.072 -0.544   0.711 -0.708  0.739  -1.410 -0.007 -1.191
-4.532 -24.978 43.451  -0.196  0.068 -0.540   0.711 -0.708  0.739  -1.674  0.095 -1.229
-5.761 -25.992 41.617  -0.180  0.108 -0.556   0.711 -0.708  0.739  -1.714  0.159 -1.298
-6.824 -26.747 39.753  -0.184  0.120 -0.584   0.739 -0.740  0.701  -1.481  0.169 -1.380
-7.644 -27.244 38.078  -0.196  0.112 -0.636   0.739 -0.740  0.701  -1.291  0.181 -1.369
-8.526 -27.617 36.492  -0.204  0.124 -0.684   0.739 -0.740  0.701  -1.277  0.247 -1.290
-9.502 -27.794 34.884  -0.196  0.144 -0.736   0.739 -0.740  0.701  -1.218  0.335 -1.259
-10.200 -27.754 33.460  -0.200  0.148 -0.796   0.770 -0.775  0.686  -0.980  0.330 -1.246
-10.658 -27.545 32.223  -0.196  0.152 -0.880   0.770 -0.775  0.686  -0.780  0.293 -1.208
-10.964 -27.324 31.199  -0.200  0.156 -0.932   0.770 -0.775  0.686  -0.694  0.229 -1.119
-11.316 -26.923 30.218  -0.136  0.172 -0.972   0.788 -0.760  0.686  -0.590  0.207 -0.988
-11.253 -26.580 29.623  -0.192  0.172 -0.972   0.788 -0.760  0.686  -0.364  0.141 -0.885
-10.965 -26.147 29.333  -0.204  0.164 -1.040   0.788 -0.760  0.686  -0.206  0.130 -0.743
-10.943 -25.607 28.837  -0.196  0.156 -1.116   0.814 -0.714  0.673  -0.333  0.249 -0.734
-11.161 -24.991 28.181  -0.192  0.148 -1.168   0.814 -0.714  0.673  -0.483  0.390 -0.807
-11.583 -24.246 27.239  -0.192  0.152 -1.224   0.814 -0.714  0.673  -0.578  0.570 -1.004
-12.029 -23.374 25.989  -0.176  0.164 -1.252   0.814 -0.714  0.673  -0.537  0.668 -1.284
-12.424 -22.434 24.495  -0.160  0.168 -1.312   0.798 -0.697  0.684  -0.489  0.691 -1.545
-12.774 -21.475 22.764  -0.132  0.160 -1.340   0.798 -0.697  0.684  -0.476  0.672 -1.816
-12.881 -20.513 20.739  -0.096  0.168 -1.352   0.798 -0.697  0.684  -0.302  0.533 -2.111
-12.610 -19.628 18.525  -0.072  0.180 -1.352   0.829 -0.604  0.711   0.014  0.348 -2.339
-12.140 -18.892 16.259  -0.056  0.172 -1.344   0.829 -0.604  0.711   0.100  0.159 -2.418
-11.865 -18.461 14.014  -0.036  0.132 -1.320   0.829 -0.604  0.711  -0.153 -0.043 -2.449
-11.846 -18.247 11.535  -0.036  0.128 -1.272   0.871 -0.468  0.695  -0.342 -0.211 -2.487
-11.809 -18.279  8.974  -0.040  0.112 -1.232   0.871 -0.468  0.695  -0.385 -0.412 -2.552
-11.819 -18.545  6.447  -0.064  0.128 -1.188   0.871 -0.468  0.695  -0.407 -0.566 -2.585
-11.902 -19.021  4.010  -0.112  0.120 -1.100   0.871 -0.468  0.695  -0.482 -0.656 -2.588
-12.195 -19.470  1.266  -0.132  0.116 -1.052   0.961 -0.347  0.677  -0.573 -0.667 -2.569
-12.503 -19.912 -1.242  -0.172  0.128 -1.004   0.961 -0.347  0.677  -0.560 -0.621 -2.541
-12.720 -20.301 -3.589  -0.192  0.120 -0.932   0.961 -0.347  0.677  -0.487 -0.536 -2.510
-12.958 -20.529 -6.106  -0.200  0.100 -0.872   1.023 -0.217  0.658  -0.459 -0.433 -2.445
-13.236 -20.631 -8.470  -0.224  0.088 -0.808   1.023 -0.217  0.658  -0.525 -0.258 -2.388
-13.634 -20.499 -10.693  -0.224  0.088 -0.744   1.023 -0.217  0.658  -0.641 -0.050 -2.293
-14.153 -20.079 -13.118  -0.244  0.092 -0.744   1.031 -0.090  0.641  -0.693  0.162 -2.205
-14.676 -19.516 -15.360  -0.260  0.096 -0.700   1.031 -0.090  0.641  -0.727  0.343 -2.092
-15.217 -18.701 -17.355  -0.236  0.096 -0.660   1.031 -0.090  0.641  -0.815  0.516 -1.941
-15.731 -17.731 -19.029  -0.248  0.080 -0.624   1.031 -0.090  0.641  -0.928  0.721 -1.751
-16.318 -16.459 -20.740  -0.264  0.072 -0.608   0.982  0.003  0.660  -1.049  0.978 -1.573
-16.812 -14.995 -22.238  -0.272  0.068 -0.612   0.982  0.003  0.660  -1.117  1.188 -1.481
-17.135 -13.251 -23.492  -0.276  0.072 -0.632   0.982  0.003  0.660  -1.129  1.475 -1.364
-17.318 -11.215 -24.733  -0.268  0.092 -0.652   0.897  0.014  0.712  -1.076  1.726 -1.294
-17.294 -9.102 -25.799  -0.268  0.100 -0.684   0.897  0.014  0.712  -0.995  1.873 -1.227
-16.979 -6.908 -26.753  -0.248  0.128 -0.736   0.897  0.014  0.712  -0.787  2.005 -1.196
-16.433 -4.697 -27.847  -0.244  0.148 -0.776   0.744  0.035  0.758  -0.562  2.087 -1.130
-15.724 -2.601 -28.782  -0.244  0.156 -0.820   0.744  0.035  0.758  -0.444  2.108 -1.046
-14.882 -0.602 -29.507  -0.236  0.148 -0.876   0.744  0.035  0.758  -0.393  2.125 -0.967
-14.035  1.382 -30.038  -0.220  0.144 -0.932   0.744  0.035  0.758  -0.438  2.136 -0.873
-13.247  3.420 -30.771  -0.212  0.128 -0.988   0.558  0.055  0.812  -0.534  2.135 -0.805
-12.570  5.571 -31.378  -0.172  0.136 -1.024   0.558  0.055  0.812  -0.696  2.162 -0.776
-11.907  7.723 -31.864  -0.136  0.128 -1.104   0.558  0.055  0.812  -0.771  2.157 -0.794
-11.237  9.802 -32.717  -0.096  0.144 -1.152   0.372  0.032  0.842  -0.736  2.063 -0.912
-10.466 11.548 -33.719  -0.052  0.164 -1.200   0.372  0.032  0.842  -0.522  1.860 -1.077
-9.636 12.879 -34.825  -0.016  0.176 -1.236   0.372  0.032  0.842  -0.300  1.592 -1.211
-8.823 13.749 -36.418   0.008  0.164 -1.268   0.222  0.035  0.844  -0.154  1.155 -1.290
-8.422 14.222 -37.748   0.024  0.136 -1.288   0.222  0.035  0.844  -0.276  0.732 -1.364
-8.433 14.559 -38.919   0.036  0.124 -1.308   0.222  0.035  0.844  -0.490  0.450 -1.442
-8.821 14.830 -39.776   0.024  0.120 -1.312   0.222  0.006  0.853  -0.713  0.266 -1.519
-9.276 15.136 -40.859   0.012  0.116 -1.320   0.173  0.006  0.853  -0.815  0.234 -1.611
-9.710 15.404 -42.064   0.012  0.132 -1.316   0.173  0.006  0.853  -0.784  0.196 -1.663
-10.152 15.516 -43.242   0.012  0.136 -1.308   0.173  0.006  0.853  -0.708  0.074 -1.660
-10.684 15.423 -44.058   0.004  0.128 -1.300   0.147 -0.032  0.855  -0.643 -0.063 -1.665
-11.273 15.299 -44.931  -0.024  0.124 -1.268   0.147 -0.032  0.855  -0.685 -0.108 -1.676
-11.943 15.213 -45.826  -0.056  0.112 -1.232   0.147 -0.032  0.855  -0.791 -0.119 -1.689
-12.853 15.161 -45.960  -0.072  0.112 -1.180   0.163 -0.078  0.852  -0.923 -0.128 -1.692
-13.802 15.141 -46.148  -0.076  0.112 -1.120   0.163 -0.078  0.852  -0.992 -0.144 -1.690
-14.721 15.107 -46.582  -0.084  0.124 -1.076   0.163 -0.078  0.852  -0.985 -0.167 -1.694
-15.557 15.029 -47.368  -0.104  0.132 -1.032   0.163 -0.078  0.852  -0.926 -0.184 -1.698
-16.562 14.744 -46.954  -0.124  0.132 -1.000   0.171 -0.153  0.859  -0.813 -0.202 -1.715
14.106  6.209 161.379  -0.124  0.140 -0.976  -0.070 -0.049  0.850  -0.173  0.099 -0.074
13.961  6.307 162.759  -0.132  0.148 -0.980  -0.070 -0.049  0.850  -0.145  0.101 -0.076
13.758  6.415 164.088  -0.140  0.148 -0.980  -0.070 -0.049  0.850  -0.092  0.114 -0.068
13.551  6.562 165.465  -0.144  0.156 -0.980  -0.059 -0.046  0.855  -0.075  0.107 -0.080
13.401  6.727 166.679  -0.156  0.148 -0.976  -0.059 -0.046  0.855  -0.124  0.078 -0.101
13.337  6.814 167.700  -0.164  0.128 -0.976  -0.059 -0.046  0.855  -0.228  0.101 -0.079
13.254  6.834 168.625  -0.164  0.112 -0.980  -0.059 -0.046  0.855  -0.240  0.134 -0.059
13.102  6.797 169.347  -0.156  0.112 -0.976  -0.070 -0.061  0.852  -0.162  0.159 -0.048
12.897  6.763 170.044  -0.152  0.104 -0.988  -0.070 -0.061  0.852  -0.125  0.141 -0.019
12.690  6.806 170.837  -0.152  0.116 -0.988  -0.070 -0.061  0.852  -0.094  0.097 -0.010
12.514  6.918 171.649  -0.140  0.120 -0.980  -0.072 -0.058  0.848  -0.093  0.024 -0.010
12.377  7.059 172.444  -0.152  0.124 -0.976  -0.072 -0.058  0.848  -0.114  0.016 -0.003
12.257  7.161 173.232  -0.152  0.128 -0.984  -0.072 -0.058  0.848  -0.127  0.047 -0.007
12.172  7.208 174.017  -0.144  0.132 -0.980  -0.062 -0.064  0.855  -0.152  0.079 -0.012
12.091  7.251 174.800  -0.148  0.136 -0.976  -0.062 -0.064  0.855  -0.149  0.096 -0.012
12.034  7.362 175.749  -0.128  0.152 -0.988  -0.062 -0.064  0.855  -0.148  0.027 -0.012
11.980  7.536 176.659  -0.132  0.156 -0.984  -0.062 -0.064  0.855  -0.143 -0.017 -0.036
11.876  7.698 177.395  -0.140  0.144 -0.984  -0.062 -0.064  0.853  -0.112 -0.019 -0.046
11.785  7.841 178.015  -0.144  0.136 -0.964  -0.062 -0.064  0.853  -0.126 -0.007 -0.063
11.720  7.886 178.560  -0.156  0.132 -0.964  -0.062 -0.064  0.853  -0.153  0.086 -0.042
11.643  7.878 179.076  -0.148  0.132 -0.964  -0.067 -0.066  0.848  -0.135  0.110 -0.028
11.551  7.829 179.629  -0.144  0.136 -0.972  -0.067 -0.066  0.848  -0.118  0.143 -0.015
11.433  7.711 -179.844  -0.140  0.136 -0.980  -0.067 -0.066  0.848  -0.092  0.195 -0.026
11.315  7.589 -179.321  -0.136  0.140 -0.976  -0.065 -0.069  0.855  -0.081  0.202 -0.046
11.223  7.507 -178.817  -0.136  0.144 -0.976  -0.065 -0.069  0.855  -0.094  0.178 -0.075
11.167  7.484 -178.506  -0.140  0.124 -0.976  -0.065 -0.069  0.855  -0.140  0.104 -0.045
11.150  7.481 -178.170  -0.140  0.124 -0.984  -0.065 -0.069  0.855  -0.174  0.085 -0.015
11.065  7.516 -177.733  -0.136  0.124 -0.984  -0.072 -0.061  0.852  -0.126  0.056 -0.001
10.987  7.570 -177.286  -0.144  0.128 -0.980  -0.072 -0.061  0.852  -0.123  0.057  0.024
10.895  7.608 -176.798  -0.144  0.132 -0.984  -0.072 -0.061  0.852  -0.103  0.073  0.045
10.825  7.667 -176.214  -0.136  0.140 -0.984  -0.078 -0.058  0.850  -0.115  0.054  0.054
